This is pdfTeX, Version 3.141592653-2.6-1.40.25 (MiKTeX 24.1) (preloaded format=pdflatex 2024.5.17)  14 MAR 2025 18:56
entering extended mode
 restricted \write18 enabled.
 %&-line parsing enabled.
**./finalReport.tex
(finalReport.tex
LaTeX2e <2023-11-01> patch level 1
L3 programming layer <2024-01-04>
(C:\Users\alexn\AppData\Local\Programs\MiKTeX\tex/latex/base\report.cls
Document Class: report 2023/05/17 v1.4n Standard LaTeX document class
(C:\Users\alexn\AppData\Local\Programs\MiKTeX\tex/latex/base\size10.clo
File: size10.clo 2023/05/17 v1.4n Standard LaTeX file (size option)
)
\c@part=\count187
\c@chapter=\count188
\c@section=\count189
\c@subsection=\count190
\c@subsubsection=\count191
\c@paragraph=\count192
\c@subparagraph=\count193
\c@figure=\count194
\c@table=\count195
\abovecaptionskip=\skip48
\belowcaptionskip=\skip49
\bibindent=\dimen140
)
(C:\Users\alexn\AppData\Local\Programs\MiKTeX\tex/latex/pdfpages\pdfpages.sty
Package: pdfpages 2024/10/28 v0.6c Insert pages of external PDF documents (AM)

(C:\Users\alexn\AppData\Local\Programs\MiKTeX\tex/latex/base\ifthen.sty
Package: ifthen 2022/04/13 v1.1d Standard LaTeX ifthen package (DPC)
)
(C:\Users\alexn\AppData\Local\Programs\MiKTeX\tex/latex/tools\calc.sty
Package: calc 2023/07/08 v4.3 Infix arithmetic (KKT,FJ)
\calc@Acount=\count196
\calc@Bcount=\count197
\calc@Adimen=\dimen141
\calc@Bdimen=\dimen142
\calc@Askip=\skip50
\calc@Bskip=\skip51
LaTeX Info: Redefining \setlength on input line 80.
LaTeX Info: Redefining \addtolength on input line 81.
\calc@Ccount=\count198
\calc@Cskip=\skip52
)
(C:\Users\alexn\AppData\Local\Programs\MiKTeX\tex/latex/eso-pic\eso-pic.sty
Package: eso-pic 2023/05/03 v3.0c eso-pic (RN)
\ESO@tempdima=\dimen143
\ESO@tempdimb=\dimen144

(C:\Users\alexn\AppData\Local\Programs\MiKTeX\tex/latex/graphics\keyval.sty
Package: keyval 2022/05/29 v1.15 key=value parser (DPC)
\KV@toks@=\toks17
)
(C:\Users\alexn\AppData\Local\Programs\MiKTeX\tex/latex/xcolor\xcolor.sty
Package: xcolor 2023/11/15 v3.01 LaTeX color extensions (UK)

(C:\Users\alexn\AppData\Local\Programs\MiKTeX\tex/latex/graphics-cfg\color.cfg
File: color.cfg 2016/01/02 v1.6 sample color configuration
)
Package xcolor Info: Driver file: pdftex.def on input line 274.

(C:\Users\alexn\AppData\Local\Programs\MiKTeX\tex/latex/graphics-def\pdftex.def
File: pdftex.def 2022/09/22 v1.2b Graphics/color driver for pdftex
)
(C:\Users\alexn\AppData\Local\Programs\MiKTeX\tex/latex/graphics\mathcolor.ltx)
Package xcolor Info: Model `cmy' substituted by `cmy0' on input line 1350.
Package xcolor Info: Model `hsb' substituted by `rgb' on input line 1354.
Package xcolor Info: Model `RGB' extended on input line 1366.
Package xcolor Info: Model `HTML' substituted by `rgb' on input line 1368.
Package xcolor Info: Model `Hsb' substituted by `hsb' on input line 1369.
Package xcolor Info: Model `tHsb' substituted by `hsb' on input line 1370.
Package xcolor Info: Model `HSB' substituted by `hsb' on input line 1371.
Package xcolor Info: Model `Gray' substituted by `gray' on input line 1372.
Package xcolor Info: Model `wave' substituted by `hsb' on input line 1373.
))
(C:\Users\alexn\AppData\Local\Programs\MiKTeX\tex/latex/graphics\graphicx.sty
Package: graphicx 2021/09/16 v1.2d Enhanced LaTeX Graphics (DPC,SPQR)

(C:\Users\alexn\AppData\Local\Programs\MiKTeX\tex/latex/graphics\graphics.sty
Package: graphics 2022/03/10 v1.4e Standard LaTeX Graphics (DPC,SPQR)

(C:\Users\alexn\AppData\Local\Programs\MiKTeX\tex/latex/graphics\trig.sty
Package: trig 2021/08/11 v1.11 sin cos tan (DPC)
)
(C:\Users\alexn\AppData\Local\Programs\MiKTeX\tex/latex/graphics-cfg\graphics.c
fg
File: graphics.cfg 2016/06/04 v1.11 sample graphics configuration
)
Package graphics Info: Driver file: pdftex.def on input line 107.
)
\Gin@req@height=\dimen145
\Gin@req@width=\dimen146
)
\AM@pagewidth=\dimen147
\AM@pageheight=\dimen148
\AM@fboxrule=\dimen149

(C:\Users\alexn\AppData\Local\Programs\MiKTeX\tex/latex/pdfpages\pppdftex.def
File: pppdftex.def 2024/10/28 v0.6c Pdfpages driver for pdfTeX (AM)
)
\pdfpages@includegraphics@status=\count199
\AM@pagebox=\box51
\AM@global@opts=\toks18
\AM@pagecnt=\count266
\AM@toc@title=\toks19
\AM@lof@heading=\toks20
\c@AM@survey=\count267
\AM@templatesizebox=\box52
) (C:\Users\alexn\AppData\Local\Programs\MiKTeX\tex/latex/comment\comment.sty
\CommentStream=\write3

Excluding comment 'comment')
(C:\Users\alexn\AppData\Local\Programs\MiKTeX\tex/latex/titlesec\titlesec.sty
Package: titlesec 2023/10/27 v2.16 Sectioning titles
\ttl@box=\box53
\beforetitleunit=\skip53
\aftertitleunit=\skip54
\ttl@plus=\dimen150
\ttl@minus=\dimen151
\ttl@toksa=\toks21
\titlewidth=\dimen152
\titlewidthlast=\dimen153
\titlewidthfirst=\dimen154
)
(C:\Users\alexn\AppData\Local\Programs\MiKTeX\tex/latex/blindtext\blindtext.sty
Package: blindtext 2012/01/06 V2.0 blindtext-Package
(C:\Users\alexn\AppData\Local\Programs\MiKTeX\tex/latex/tools\xspace.sty
Package: xspace 2014/10/28 v1.13 Space after command names (DPC,MH)
)
\c@blindtext=\count268
\c@Blindtext=\count269
\c@blind@countparstart=\count270
\blind@countxx=\count271
\blindtext@numBlindtext=\count272
\blind@countyy=\count273
\c@blindlist=\count274
\c@blindlistlevel=\count275
\c@blindlist@level=\count276
\blind@listitem=\count277
\c@blind@listcount=\count278
\c@blind@levelcount=\count279
\blind@mathformula=\count280
\blind@Mathformula=\count281
\c@blind@randomcount=\count282
\c@blind@randommax=\count283
\c@blind@pangramcount=\count284
\c@blind@pangrammax=\count285
)
(C:\Users\alexn\AppData\Local\Programs\MiKTeX\tex/latex/tcolorbox\tcolorbox.sty
Package: tcolorbox 2024/01/10 version 6.2.0 text color boxes
(C:\Users\alexn\AppData\Local\Programs\MiKTeX\tex/latex/pgf/basiclayer\pgf.sty
(C:\Users\alexn\AppData\Local\Programs\MiKTeX\tex/latex/pgf/utilities\pgfrcs.st
y
(C:\Users\alexn\AppData\Local\Programs\MiKTeX\tex/generic/pgf/utilities\pgfutil
-common.tex
\pgfutil@everybye=\toks22
\pgfutil@tempdima=\dimen155
\pgfutil@tempdimb=\dimen156
)
(C:\Users\alexn\AppData\Local\Programs\MiKTeX\tex/generic/pgf/utilities\pgfutil
-latex.def
\pgfutil@abb=\box54
)
(C:\Users\alexn\AppData\Local\Programs\MiKTeX\tex/generic/pgf/utilities\pgfrcs.
code.tex
(C:\Users\alexn\AppData\Local\Programs\MiKTeX\tex/generic/pgf\pgf.revision.tex)
Package: pgfrcs 2023-01-15 v3.1.10 (3.1.10)
))
Package: pgf 2023-01-15 v3.1.10 (3.1.10)

(C:\Users\alexn\AppData\Local\Programs\MiKTeX\tex/latex/pgf/basiclayer\pgfcore.
sty
(C:\Users\alexn\AppData\Local\Programs\MiKTeX\tex/latex/pgf/systemlayer\pgfsys.
sty
(C:\Users\alexn\AppData\Local\Programs\MiKTeX\tex/generic/pgf/systemlayer\pgfsy
s.code.tex
Package: pgfsys 2023-01-15 v3.1.10 (3.1.10)

(C:\Users\alexn\AppData\Local\Programs\MiKTeX\tex/generic/pgf/utilities\pgfkeys
.code.tex
\pgfkeys@pathtoks=\toks23
\pgfkeys@temptoks=\toks24

(C:\Users\alexn\AppData\Local\Programs\MiKTeX\tex/generic/pgf/utilities\pgfkeys
libraryfiltered.code.tex
\pgfkeys@tmptoks=\toks25
))
\pgf@x=\dimen157
\pgf@y=\dimen158
\pgf@xa=\dimen159
\pgf@ya=\dimen160
\pgf@xb=\dimen161
\pgf@yb=\dimen162
\pgf@xc=\dimen163
\pgf@yc=\dimen164
\pgf@xd=\dimen165
\pgf@yd=\dimen166
\w@pgf@writea=\write4
\r@pgf@reada=\read2
\c@pgf@counta=\count286
\c@pgf@countb=\count287
\c@pgf@countc=\count288
\c@pgf@countd=\count289
\t@pgf@toka=\toks26
\t@pgf@tokb=\toks27
\t@pgf@tokc=\toks28
\pgf@sys@id@count=\count290

(C:\Users\alexn\AppData\Local\Programs\MiKTeX\tex/generic/pgf/systemlayer\pgf.c
fg
File: pgf.cfg 2023-01-15 v3.1.10 (3.1.10)
)
Driver file for pgf: pgfsys-pdftex.def

(C:\Users\alexn\AppData\Local\Programs\MiKTeX\tex/generic/pgf/systemlayer\pgfsy
s-pdftex.def
File: pgfsys-pdftex.def 2023-01-15 v3.1.10 (3.1.10)

(C:\Users\alexn\AppData\Local\Programs\MiKTeX\tex/generic/pgf/systemlayer\pgfsy
s-common-pdf.def
File: pgfsys-common-pdf.def 2023-01-15 v3.1.10 (3.1.10)
)))
(C:\Users\alexn\AppData\Local\Programs\MiKTeX\tex/generic/pgf/systemlayer\pgfsy
ssoftpath.code.tex
File: pgfsyssoftpath.code.tex 2023-01-15 v3.1.10 (3.1.10)
\pgfsyssoftpath@smallbuffer@items=\count291
\pgfsyssoftpath@bigbuffer@items=\count292
)
(C:\Users\alexn\AppData\Local\Programs\MiKTeX\tex/generic/pgf/systemlayer\pgfsy
sprotocol.code.tex
File: pgfsysprotocol.code.tex 2023-01-15 v3.1.10 (3.1.10)
))
(C:\Users\alexn\AppData\Local\Programs\MiKTeX\tex/generic/pgf/basiclayer\pgfcor
e.code.tex
Package: pgfcore 2023-01-15 v3.1.10 (3.1.10)

(C:\Users\alexn\AppData\Local\Programs\MiKTeX\tex/generic/pgf/math\pgfmath.code
.tex
(C:\Users\alexn\AppData\Local\Programs\MiKTeX\tex/generic/pgf/math\pgfmathutil.
code.tex)
(C:\Users\alexn\AppData\Local\Programs\MiKTeX\tex/generic/pgf/math\pgfmathparse
r.code.tex
\pgfmath@dimen=\dimen167
\pgfmath@count=\count293
\pgfmath@box=\box55
\pgfmath@toks=\toks29
\pgfmath@stack@operand=\toks30
\pgfmath@stack@operation=\toks31
)
(C:\Users\alexn\AppData\Local\Programs\MiKTeX\tex/generic/pgf/math\pgfmathfunct
ions.code.tex)
(C:\Users\alexn\AppData\Local\Programs\MiKTeX\tex/generic/pgf/math\pgfmathfunct
ions.basic.code.tex)
(C:\Users\alexn\AppData\Local\Programs\MiKTeX\tex/generic/pgf/math\pgfmathfunct
ions.trigonometric.code.tex)
(C:\Users\alexn\AppData\Local\Programs\MiKTeX\tex/generic/pgf/math\pgfmathfunct
ions.random.code.tex)
(C:\Users\alexn\AppData\Local\Programs\MiKTeX\tex/generic/pgf/math\pgfmathfunct
ions.comparison.code.tex)
(C:\Users\alexn\AppData\Local\Programs\MiKTeX\tex/generic/pgf/math\pgfmathfunct
ions.base.code.tex)
(C:\Users\alexn\AppData\Local\Programs\MiKTeX\tex/generic/pgf/math\pgfmathfunct
ions.round.code.tex)
(C:\Users\alexn\AppData\Local\Programs\MiKTeX\tex/generic/pgf/math\pgfmathfunct
ions.misc.code.tex)
(C:\Users\alexn\AppData\Local\Programs\MiKTeX\tex/generic/pgf/math\pgfmathfunct
ions.integerarithmetics.code.tex)
(C:\Users\alexn\AppData\Local\Programs\MiKTeX\tex/generic/pgf/math\pgfmathcalc.
code.tex)
(C:\Users\alexn\AppData\Local\Programs\MiKTeX\tex/generic/pgf/math\pgfmathfloat
.code.tex
\c@pgfmathroundto@lastzeros=\count294
))
(C:\Users\alexn\AppData\Local\Programs\MiKTeX\tex/generic/pgf/math\pgfint.code.
tex)
(C:\Users\alexn\AppData\Local\Programs\MiKTeX\tex/generic/pgf/basiclayer\pgfcor
epoints.code.tex
File: pgfcorepoints.code.tex 2023-01-15 v3.1.10 (3.1.10)
\pgf@picminx=\dimen168
\pgf@picmaxx=\dimen169
\pgf@picminy=\dimen170
\pgf@picmaxy=\dimen171
\pgf@pathminx=\dimen172
\pgf@pathmaxx=\dimen173
\pgf@pathminy=\dimen174
\pgf@pathmaxy=\dimen175
\pgf@xx=\dimen176
\pgf@xy=\dimen177
\pgf@yx=\dimen178
\pgf@yy=\dimen179
\pgf@zx=\dimen180
\pgf@zy=\dimen181
)
(C:\Users\alexn\AppData\Local\Programs\MiKTeX\tex/generic/pgf/basiclayer\pgfcor
epathconstruct.code.tex
File: pgfcorepathconstruct.code.tex 2023-01-15 v3.1.10 (3.1.10)
\pgf@path@lastx=\dimen182
\pgf@path@lasty=\dimen183
)
(C:\Users\alexn\AppData\Local\Programs\MiKTeX\tex/generic/pgf/basiclayer\pgfcor
epathusage.code.tex
File: pgfcorepathusage.code.tex 2023-01-15 v3.1.10 (3.1.10)
\pgf@shorten@end@additional=\dimen184
\pgf@shorten@start@additional=\dimen185
)
(C:\Users\alexn\AppData\Local\Programs\MiKTeX\tex/generic/pgf/basiclayer\pgfcor
escopes.code.tex
File: pgfcorescopes.code.tex 2023-01-15 v3.1.10 (3.1.10)
\pgfpic=\box56
\pgf@hbox=\box57
\pgf@layerbox@main=\box58
\pgf@picture@serial@count=\count295
)
(C:\Users\alexn\AppData\Local\Programs\MiKTeX\tex/generic/pgf/basiclayer\pgfcor
egraphicstate.code.tex
File: pgfcoregraphicstate.code.tex 2023-01-15 v3.1.10 (3.1.10)
\pgflinewidth=\dimen186
)
(C:\Users\alexn\AppData\Local\Programs\MiKTeX\tex/generic/pgf/basiclayer\pgfcor
etransformations.code.tex
File: pgfcoretransformations.code.tex 2023-01-15 v3.1.10 (3.1.10)
\pgf@pt@x=\dimen187
\pgf@pt@y=\dimen188
\pgf@pt@temp=\dimen189
)
(C:\Users\alexn\AppData\Local\Programs\MiKTeX\tex/generic/pgf/basiclayer\pgfcor
equick.code.tex
File: pgfcorequick.code.tex 2023-01-15 v3.1.10 (3.1.10)
)
(C:\Users\alexn\AppData\Local\Programs\MiKTeX\tex/generic/pgf/basiclayer\pgfcor
eobjects.code.tex
File: pgfcoreobjects.code.tex 2023-01-15 v3.1.10 (3.1.10)
)
(C:\Users\alexn\AppData\Local\Programs\MiKTeX\tex/generic/pgf/basiclayer\pgfcor
epathprocessing.code.tex
File: pgfcorepathprocessing.code.tex 2023-01-15 v3.1.10 (3.1.10)
)
(C:\Users\alexn\AppData\Local\Programs\MiKTeX\tex/generic/pgf/basiclayer\pgfcor
earrows.code.tex
File: pgfcorearrows.code.tex 2023-01-15 v3.1.10 (3.1.10)
\pgfarrowsep=\dimen190
)
(C:\Users\alexn\AppData\Local\Programs\MiKTeX\tex/generic/pgf/basiclayer\pgfcor
eshade.code.tex
File: pgfcoreshade.code.tex 2023-01-15 v3.1.10 (3.1.10)
\pgf@max=\dimen191
\pgf@sys@shading@range@num=\count296
\pgf@shadingcount=\count297
)
(C:\Users\alexn\AppData\Local\Programs\MiKTeX\tex/generic/pgf/basiclayer\pgfcor
eimage.code.tex
File: pgfcoreimage.code.tex 2023-01-15 v3.1.10 (3.1.10)
)
(C:\Users\alexn\AppData\Local\Programs\MiKTeX\tex/generic/pgf/basiclayer\pgfcor
eexternal.code.tex
File: pgfcoreexternal.code.tex 2023-01-15 v3.1.10 (3.1.10)
\pgfexternal@startupbox=\box59
)
(C:\Users\alexn\AppData\Local\Programs\MiKTeX\tex/generic/pgf/basiclayer\pgfcor
elayers.code.tex
File: pgfcorelayers.code.tex 2023-01-15 v3.1.10 (3.1.10)
)
(C:\Users\alexn\AppData\Local\Programs\MiKTeX\tex/generic/pgf/basiclayer\pgfcor
etransparency.code.tex
File: pgfcoretransparency.code.tex 2023-01-15 v3.1.10 (3.1.10)
)
(C:\Users\alexn\AppData\Local\Programs\MiKTeX\tex/generic/pgf/basiclayer\pgfcor
epatterns.code.tex
File: pgfcorepatterns.code.tex 2023-01-15 v3.1.10 (3.1.10)
)
(C:\Users\alexn\AppData\Local\Programs\MiKTeX\tex/generic/pgf/basiclayer\pgfcor
erdf.code.tex
File: pgfcorerdf.code.tex 2023-01-15 v3.1.10 (3.1.10)
)))
(C:\Users\alexn\AppData\Local\Programs\MiKTeX\tex/generic/pgf/modules\pgfmodule
shapes.code.tex
File: pgfmoduleshapes.code.tex 2023-01-15 v3.1.10 (3.1.10)
\pgfnodeparttextbox=\box60
)
(C:\Users\alexn\AppData\Local\Programs\MiKTeX\tex/generic/pgf/modules\pgfmodule
plot.code.tex
File: pgfmoduleplot.code.tex 2023-01-15 v3.1.10 (3.1.10)
)
(C:\Users\alexn\AppData\Local\Programs\MiKTeX\tex/latex/pgf/compatibility\pgfco
mp-version-0-65.sty
Package: pgfcomp-version-0-65 2023-01-15 v3.1.10 (3.1.10)
\pgf@nodesepstart=\dimen192
\pgf@nodesepend=\dimen193
)
(C:\Users\alexn\AppData\Local\Programs\MiKTeX\tex/latex/pgf/compatibility\pgfco
mp-version-1-18.sty
Package: pgfcomp-version-1-18 2023-01-15 v3.1.10 (3.1.10)
))
(C:\Users\alexn\AppData\Local\Programs\MiKTeX\tex/latex/tools\verbatim.sty
Package: verbatim 2023-11-06 v1.5v LaTeX2e package for verbatim enhancements
\every@verbatim=\toks32
\verbatim@line=\toks33
\verbatim@in@stream=\read3
)
(C:\Users\alexn\AppData\Local\Programs\MiKTeX\tex/latex/environ\environ.sty
Package: environ 2014/05/04 v0.3 A new way to define environments

(C:\Users\alexn\AppData\Local\Programs\MiKTeX\tex/latex/trimspaces\trimspaces.s
ty
Package: trimspaces 2009/09/17 v1.1 Trim spaces around a token list
)
\@envbody=\toks34
)
(C:\Users\alexn\AppData\Local\Programs\MiKTeX\tex/latex/etoolbox\etoolbox.sty
Package: etoolbox 2020/10/05 v2.5k e-TeX tools for LaTeX (JAW)
\etb@tempcnta=\count298
)
\tcb@titlebox=\box61
\tcb@upperbox=\box62
\tcb@lowerbox=\box63
\tcb@phantombox=\box64
\c@tcbbreakpart=\count299
\c@tcblayer=\count300
\c@tcolorbox@number=\count301
\l__tcobox_tmpa_box=\box65
\l__tcobox_tmpa_dim=\dimen194
\tcb@temp=\box66
\tcb@temp=\box67
\tcb@temp=\box68
\tcb@temp=\box69

(C:\Users\alexn\AppData\Local\Programs\MiKTeX\tex/latex/tcolorbox\tcbraster.cod
e.tex
Library (tcolorbox): 'tcbraster.code.tex' version '6.2.0'
\c@tcbrastercolumn=\count302
\c@tcbrasterrow=\count303
\c@tcbrasternum=\count304
\c@tcbraster=\count305
)
(C:\Users\alexn\AppData\Local\Programs\MiKTeX\tex/latex/tcolorbox\tcbskins.code
.tex
Library (tcolorbox): 'tcbskins.code.tex' version '6.2.0'

(C:\Users\alexn\AppData\Local\Programs\MiKTeX\tex/latex/pgf/frontendlayer\tikz.
sty
(C:\Users\alexn\AppData\Local\Programs\MiKTeX\tex/latex/pgf/utilities\pgffor.st
y
(C:\Users\alexn\AppData\Local\Programs\MiKTeX\tex/latex/pgf/utilities\pgfkeys.s
ty
(C:\Users\alexn\AppData\Local\Programs\MiKTeX\tex/generic/pgf/utilities\pgfkeys
.code.tex))
(C:\Users\alexn\AppData\Local\Programs\MiKTeX\tex/latex/pgf/math\pgfmath.sty
(C:\Users\alexn\AppData\Local\Programs\MiKTeX\tex/generic/pgf/math\pgfmath.code
.tex))
(C:\Users\alexn\AppData\Local\Programs\MiKTeX\tex/generic/pgf/utilities\pgffor.
code.tex
Package: pgffor 2023-01-15 v3.1.10 (3.1.10)
\pgffor@iter=\dimen195
\pgffor@skip=\dimen196
\pgffor@stack=\toks35
\pgffor@toks=\toks36
))
(C:\Users\alexn\AppData\Local\Programs\MiKTeX\tex/generic/pgf/frontendlayer/tik
z\tikz.code.tex
Package: tikz 2023-01-15 v3.1.10 (3.1.10)

(C:\Users\alexn\AppData\Local\Programs\MiKTeX\tex/generic/pgf/libraries\pgflibr
aryplothandlers.code.tex
File: pgflibraryplothandlers.code.tex 2023-01-15 v3.1.10 (3.1.10)
\pgf@plot@mark@count=\count306
\pgfplotmarksize=\dimen197
)
\tikz@lastx=\dimen198
\tikz@lasty=\dimen199
\tikz@lastxsaved=\dimen256
\tikz@lastysaved=\dimen257
\tikz@lastmovetox=\dimen258
\tikz@lastmovetoy=\dimen259
\tikzleveldistance=\dimen260
\tikzsiblingdistance=\dimen261
\tikz@figbox=\box70
\tikz@figbox@bg=\box71
\tikz@tempbox=\box72
\tikz@tempbox@bg=\box73
\tikztreelevel=\count307
\tikznumberofchildren=\count308
\tikznumberofcurrentchild=\count309
\tikz@fig@count=\count310

(C:\Users\alexn\AppData\Local\Programs\MiKTeX\tex/generic/pgf/modules\pgfmodule
matrix.code.tex
File: pgfmodulematrix.code.tex 2023-01-15 v3.1.10 (3.1.10)
\pgfmatrixcurrentrow=\count311
\pgfmatrixcurrentcolumn=\count312
\pgf@matrix@numberofcolumns=\count313
)
\tikz@expandcount=\count314

(C:\Users\alexn\AppData\Local\Programs\MiKTeX\tex/generic/pgf/frontendlayer/tik
z/libraries\tikzlibrarytopaths.code.tex
File: tikzlibrarytopaths.code.tex 2023-01-15 v3.1.10 (3.1.10)
)))
(C:\Users\alexn\AppData\Local\Programs\MiKTeX\tex/latex/tikzfill\tikzfill.image
.sty
Package: tikzfill.image 2023/08/08 v1.0.1 Image filling library for TikZ

(C:\Users\alexn\AppData\Local\Programs\MiKTeX\tex/latex/tikzfill\tikzfill-commo
n.sty
Package: tikzfill-common 2023/08/08 v1.0.1 Auxiliary code for tikzfill
)
(C:\Users\alexn\AppData\Local\Programs\MiKTeX\tex/latex/tikzfill\tikzlibraryfil
l.image.code.tex
File: tikzlibraryfill.image.code.tex 2023/08/08 v1.0.1 Image filling library
\l__tikzfill_img_box=\box74
))
(C:\Users\alexn\AppData\Local\Programs\MiKTeX\tex/latex/tcolorbox\tcbskinsjigsa
w.code.tex
Library (tcolorbox): 'tcbskinsjigsaw.code.tex' version '6.2.0'
))
(C:\Users\alexn\AppData\Local\Programs\MiKTeX\tex/latex/tcolorbox\tcbbreakable.
code.tex
Library (tcolorbox): 'tcbbreakable.code.tex' version '6.2.0'
(C:\Users\alexn\AppData\Local\Programs\MiKTeX\tex/latex/pdfcol\pdfcol.sty
Package: pdfcol 2022-09-21 v1.7 Handle new color stacks for pdfTeX (HO)

(C:\Users\alexn\AppData\Local\Programs\MiKTeX\tex/generic/ltxcmds\ltxcmds.sty
Package: ltxcmds 2023-12-04 v1.26 LaTeX kernel commands for general use (HO)
)
(C:\Users\alexn\AppData\Local\Programs\MiKTeX\tex/generic/infwarerr\infwarerr.s
ty
Package: infwarerr 2019/12/03 v1.5 Providing info/warning/error messages (HO)
) (C:\Users\alexn\AppData\Local\Programs\MiKTeX\tex/generic/iftex\iftex.sty
Package: iftex 2022/02/03 v1.0f TeX engine tests
))
Package pdfcol Info: New color stack `tcb@breakable' = 1 on input line 23.
\tcb@testbox=\box75
\tcb@totalupperbox=\box76
\tcb@totallowerbox=\box77
)
(C:\Users\alexn\AppData\Local\Programs\MiKTeX\tex/latex/tcolorbox\tcbhooks.code
.tex
Library (tcolorbox): 'tcbhooks.code.tex' version '6.2.0'
)
(C:\Users\alexn\AppData\Local\Programs\MiKTeX\tex/latex/tcolorbox\tcbtheorems.c
ode.tex
Library (tcolorbox): 'tcbtheorems.code.tex' version '6.2.0'
(C:\Users\alexn\AppData\Local\Programs\MiKTeX\tex/latex/amsmath\amsmath.sty
Package: amsmath 2023/05/13 v2.17o AMS math features
\@mathmargin=\skip55

For additional information on amsmath, use the `?' option.
(C:\Users\alexn\AppData\Local\Programs\MiKTeX\tex/latex/amsmath\amstext.sty
Package: amstext 2021/08/26 v2.01 AMS text

(C:\Users\alexn\AppData\Local\Programs\MiKTeX\tex/latex/amsmath\amsgen.sty
File: amsgen.sty 1999/11/30 v2.0 generic functions
\@emptytoks=\toks37
\ex@=\dimen262
))
(C:\Users\alexn\AppData\Local\Programs\MiKTeX\tex/latex/amsmath\amsbsy.sty
Package: amsbsy 1999/11/29 v1.2d Bold Symbols
\pmbraise@=\dimen263
)
(C:\Users\alexn\AppData\Local\Programs\MiKTeX\tex/latex/amsmath\amsopn.sty
Package: amsopn 2022/04/08 v2.04 operator names
)
\inf@bad=\count315
LaTeX Info: Redefining \frac on input line 234.
\uproot@=\count316
\leftroot@=\count317
LaTeX Info: Redefining \overline on input line 399.
LaTeX Info: Redefining \colon on input line 410.
\classnum@=\count318
\DOTSCASE@=\count319
LaTeX Info: Redefining \ldots on input line 496.
LaTeX Info: Redefining \dots on input line 499.
LaTeX Info: Redefining \cdots on input line 620.
\Mathstrutbox@=\box78
\strutbox@=\box79
LaTeX Info: Redefining \big on input line 722.
LaTeX Info: Redefining \Big on input line 723.
LaTeX Info: Redefining \bigg on input line 724.
LaTeX Info: Redefining \Bigg on input line 725.
\big@size=\dimen264
LaTeX Font Info:    Redeclaring font encoding OML on input line 743.
LaTeX Font Info:    Redeclaring font encoding OMS on input line 744.
\macc@depth=\count320
LaTeX Info: Redefining \bmod on input line 905.
LaTeX Info: Redefining \pmod on input line 910.
LaTeX Info: Redefining \smash on input line 940.
LaTeX Info: Redefining \relbar on input line 970.
LaTeX Info: Redefining \Relbar on input line 971.
\c@MaxMatrixCols=\count321
\dotsspace@=\muskip16
\c@parentequation=\count322
\dspbrk@lvl=\count323
\tag@help=\toks38
\row@=\count324
\column@=\count325
\maxfields@=\count326
\andhelp@=\toks39
\eqnshift@=\dimen265
\alignsep@=\dimen266
\tagshift@=\dimen267
\tagwidth@=\dimen268
\totwidth@=\dimen269
\lineht@=\dimen270
\@envbody=\toks40
\multlinegap=\skip56
\multlinetaggap=\skip57
\mathdisplay@stack=\toks41
LaTeX Info: Redefining \[ on input line 2953.
LaTeX Info: Redefining \] on input line 2954.
))
(C:\Users\alexn\AppData\Local\Programs\MiKTeX\tex/latex/tcolorbox\tcbfitting.co
de.tex
Library (tcolorbox): 'tcbfitting.code.tex' version '6.2.0'
\tcbfitdim=\dimen271
\tcb@lowerfitdim=\dimen272
\tcb@upperfitdim=\dimen273
\tcb@cur@hbadness=\count327
)
(C:\Users\alexn\AppData\Local\Programs\MiKTeX\tex/latex/tcolorbox\tcblistingsut
f8.code.tex
Library (tcolorbox): 'tcblistingsutf8.code.tex' version '6.2.0'

(C:\Users\alexn\AppData\Local\Programs\MiKTeX\tex/latex/tcolorbox\tcblistings.c
ode.tex
Library (tcolorbox): 'tcblistings.code.tex' version '6.2.0'
(C:\Users\alexn\AppData\Local\Programs\MiKTeX\tex/latex/listings\listings.sty
\lst@mode=\count328
\lst@gtempboxa=\box80
\lst@token=\toks42
\lst@length=\count329
\lst@currlwidth=\dimen274
\lst@column=\count330
\lst@pos=\count331
\lst@lostspace=\dimen275
\lst@width=\dimen276
\lst@newlines=\count332
\lst@lineno=\count333
\lst@maxwidth=\dimen277

(C:\Users\alexn\AppData\Local\Programs\MiKTeX\tex/latex/listings\lstmisc.sty
File: lstmisc.sty 2023/02/27 1.9 (Carsten Heinz)
\c@lstnumber=\count334
\lst@skipnumbers=\count335
\lst@framebox=\box81
)
(C:\Users\alexn\AppData\Local\Programs\MiKTeX\tex/latex/listings\listings.cfg
File: listings.cfg 2023/02/27 1.9 listings configuration
))
Package: listings 2023/02/27 1.9 (Carsten Heinz)

(C:\Users\alexn\AppData\Local\Programs\MiKTeX\tex/latex/tcolorbox\tcblistingsco
re.code.tex
Library (tcolorbox): 'tcblistingscore.code.tex' version '6.2.0'

(C:\Users\alexn\AppData\Local\Programs\MiKTeX\tex/latex/tcolorbox\tcbprocessing
.code.tex
Library (tcolorbox): 'tcbprocessing.code.tex' version '6.2.0'
)
\c@tcblisting=\count336
))
(C:\Users\alexn\AppData\Local\Programs\MiKTeX\tex/latex/listingsutf8\listingsut
f8.sty
Package: listingsutf8 2019-12-10 v1.5 Allow UTF-8 in listings input (HO)

(C:\Users\alexn\AppData\Local\Programs\MiKTeX\tex/generic/pdftexcmds\pdftexcmds
.sty
Package: pdftexcmds 2020-06-27 v0.33 Utility functions of pdfTeX for LuaTeX (HO
)
Package pdftexcmds Info: \pdf@primitive is available.
Package pdftexcmds Info: \pdf@ifprimitive is available.
Package pdftexcmds Info: \pdfdraftmode found.
)
(C:\Users\alexn\AppData\Local\Programs\MiKTeX\tex/generic/stringenc\stringenc.s
ty
Package: stringenc 2019/11/29 v1.12 Convert strings between diff. encodings (HO
)

(C:\Users\alexn\AppData\Local\Programs\MiKTeX\tex/generic/pdfescape\pdfescape.s
ty
Package: pdfescape 2019/12/09 v1.15 Implements pdfTeX's escape features (HO)
))))
(C:\Users\alexn\AppData\Local\Programs\MiKTeX\tex/latex/tcolorbox\tcbexternal.c
ode.tex
Library (tcolorbox): 'tcbexternal.code.tex' version '6.2.0'
)
(C:\Users\alexn\AppData\Local\Programs\MiKTeX\tex/latex/tcolorbox\tcbmagazine.c
ode.tex
Library (tcolorbox): 'tcbmagazine.code.tex' version '6.2.0'
)
(C:\Users\alexn\AppData\Local\Programs\MiKTeX\tex/latex/tcolorbox\tcbvignette.c
ode.tex
Library (tcolorbox): 'tcbvignette.code.tex' version '6.2.0'

(C:\Users\alexn\AppData\Local\Programs\MiKTeX\tex/generic/pgf/frontendlayer/tik
z/libraries\tikzlibraryfadings.code.tex
File: tikzlibraryfadings.code.tex 2023-01-15 v3.1.10 (3.1.10)

(C:\Users\alexn\AppData\Local\Programs\MiKTeX\tex/generic/pgf/libraries\pgflibr
aryfadings.code.tex
File: pgflibraryfadings.code.tex 2023-01-15 v3.1.10 (3.1.10)
)))
(C:\Users\alexn\AppData\Local\Programs\MiKTeX\tex/latex/tcolorbox\tcbposter.cod
e.tex
Library (tcolorbox): 'tcbposter.code.tex' version '6.2.0'
)) (C:\Users\alexn\AppData\Local\Programs\MiKTeX\tex/latex/float\float.sty
Package: float 2001/11/08 v1.3d Float enhancements (AL)
\c@float@type=\count337
\float@exts=\toks43
\float@box=\box82
\@float@everytoks=\toks44
\@floatcapt=\box83
)
(C:\Users\alexn\AppData\Local\Programs\MiKTeX\tex/latex/fancyvrb\fancyvrb.sty
Package: fancyvrb 2024/01/20 4.5c verbatim text (tvz,hv)
\FV@CodeLineNo=\count338
\FV@InFile=\read4
\FV@TabBox=\box84
\c@FancyVerbLine=\count339
\FV@StepNumber=\count340
\FV@OutFile=\write5
)
(C:\Users\alexn\AppData\Local\Programs\MiKTeX\tex/latex/hyperref\hyperref.sty
Package: hyperref 2023-11-26 v7.01g Hypertext links for LaTeX

(C:\Users\alexn\AppData\Local\Programs\MiKTeX\tex/latex/kvsetkeys\kvsetkeys.sty
Package: kvsetkeys 2022-10-05 v1.19 Key value parser (HO)
)
(C:\Users\alexn\AppData\Local\Programs\MiKTeX\tex/generic/kvdefinekeys\kvdefine
keys.sty
Package: kvdefinekeys 2019-12-19 v1.6 Define keys (HO)
)
(C:\Users\alexn\AppData\Local\Programs\MiKTeX\tex/latex/hycolor\hycolor.sty
Package: hycolor 2020-01-27 v1.10 Color options for hyperref/bookmark (HO)
)
(C:\Users\alexn\AppData\Local\Programs\MiKTeX\tex/latex/letltxmacro\letltxmacro
.sty
Package: letltxmacro 2019/12/03 v1.6 Let assignment for LaTeX macros (HO)
)
(C:\Users\alexn\AppData\Local\Programs\MiKTeX\tex/latex/auxhook\auxhook.sty
Package: auxhook 2019-12-17 v1.6 Hooks for auxiliary files (HO)
)
(C:\Users\alexn\AppData\Local\Programs\MiKTeX\tex/latex/hyperref\nameref.sty
Package: nameref 2023-11-26 v2.56 Cross-referencing by name of section

(C:\Users\alexn\AppData\Local\Programs\MiKTeX\tex/latex/refcount\refcount.sty
Package: refcount 2019/12/15 v3.6 Data extraction from label references (HO)
)
(C:\Users\alexn\AppData\Local\Programs\MiKTeX\tex/generic/gettitlestring\gettit
lestring.sty
Package: gettitlestring 2019/12/15 v1.6 Cleanup title references (HO)

(C:\Users\alexn\AppData\Local\Programs\MiKTeX\tex/latex/kvoptions\kvoptions.sty
Package: kvoptions 2022-06-15 v3.15 Key value format for package options (HO)
))
\c@section@level=\count341
)
\@linkdim=\dimen278
\Hy@linkcounter=\count342
\Hy@pagecounter=\count343
 (C:\Users\alexn\AppData\Local\Programs\MiKTeX\tex/latex/hyperref\pd1enc.def
File: pd1enc.def 2023-11-26 v7.01g Hyperref: PDFDocEncoding definition (HO)
Now handling font encoding PD1 ...
... no UTF-8 mapping file for font encoding PD1
) (C:\Users\alexn\AppData\Local\Programs\MiKTeX\tex/generic/intcalc\intcalc.sty
Package: intcalc 2019/12/15 v1.3 Expandable calculations with integers (HO)
)
\Hy@SavedSpaceFactor=\count344
 (C:\Users\alexn\AppData\Local\Programs\MiKTeX\tex/latex/hyperref\puenc.def
File: puenc.def 2023-11-26 v7.01g Hyperref: PDF Unicode definition (HO)
Now handling font encoding PU ...
... no UTF-8 mapping file for font encoding PU
)
Package hyperref Info: Hyper figures OFF on input line 4181.
Package hyperref Info: Link nesting OFF on input line 4186.
Package hyperref Info: Hyper index ON on input line 4189.
Package hyperref Info: Plain pages OFF on input line 4196.
Package hyperref Info: Backreferencing OFF on input line 4201.
Package hyperref Info: Implicit mode ON; LaTeX internals redefined.
Package hyperref Info: Bookmarks ON on input line 4448.
\c@Hy@tempcnt=\count345

(C:\Users\alexn\AppData\Local\Programs\MiKTeX\tex/latex/url\url.sty
\Urlmuskip=\muskip17
Package: url 2013/09/16  ver 3.4  Verb mode for urls, etc.
)
LaTeX Info: Redefining \url on input line 4786.
\XeTeXLinkMargin=\dimen279

(C:\Users\alexn\AppData\Local\Programs\MiKTeX\tex/generic/bitset\bitset.sty
Package: bitset 2019/12/09 v1.3 Handle bit-vector datatype (HO)

(C:\Users\alexn\AppData\Local\Programs\MiKTeX\tex/generic/bigintcalc\bigintcalc
.sty
Package: bigintcalc 2019/12/15 v1.5 Expandable calculations on big integers (HO
)
))
\Fld@menulength=\count346
\Field@Width=\dimen280
\Fld@charsize=\dimen281
Package hyperref Info: Hyper figures OFF on input line 6065.
Package hyperref Info: Link nesting OFF on input line 6070.
Package hyperref Info: Hyper index ON on input line 6073.
Package hyperref Info: backreferencing OFF on input line 6080.
Package hyperref Info: Link coloring OFF on input line 6085.
Package hyperref Info: Link coloring with OCG OFF on input line 6090.
Package hyperref Info: PDF/A mode OFF on input line 6095.

(C:\Users\alexn\AppData\Local\Programs\MiKTeX\tex/latex/base\atbegshi-ltx.sty
Package: atbegshi-ltx 2021/01/10 v1.0c Emulation of the original atbegshi
package with kernel methods
)
\Hy@abspage=\count347
\c@Item=\count348
\c@Hfootnote=\count349
)
Package hyperref Info: Driver (autodetected): hpdftex.
(C:\Users\alexn\AppData\Local\Programs\MiKTeX\tex/latex/hyperref\hpdftex.def
File: hpdftex.def 2023-11-26 v7.01g Hyperref driver for pdfTeX

(C:\Users\alexn\AppData\Local\Programs\MiKTeX\tex/latex/base\atveryend-ltx.sty
Package: atveryend-ltx 2020/08/19 v1.0a Emulation of the original atveryend pac
kage
with kernel methods
)
\Fld@listcount=\count350
\c@bookmark@seq@number=\count351

(C:\Users\alexn\AppData\Local\Programs\MiKTeX\tex/latex/rerunfilecheck\rerunfil
echeck.sty
Package: rerunfilecheck 2022-07-10 v1.10 Rerun checks for auxiliary files (HO)

(C:\Users\alexn\AppData\Local\Programs\MiKTeX\tex/generic/uniquecounter\uniquec
ounter.sty
Package: uniquecounter 2019/12/15 v1.4 Provide unlimited unique counter (HO)
)
Package uniquecounter Info: New unique counter `rerunfilecheck' on input line 2
85.
)
\Hy@SectionHShift=\skip58
)
(C:\Users\alexn\AppData\Local\Programs\MiKTeX\tex/latex/appendix\appendix.sty
Package: appendix 2020/02/08 v1.2c extra appendix facilities
\c@@pps=\count352
\c@@ppsavesec=\count353
\c@@ppsaveapp=\count354
)
(C:\Users\alexn\AppData\Local\Programs\MiKTeX\tex/latex/ulem\ulem.sty
\UL@box=\box85
\UL@hyphenbox=\box86
\UL@skip=\skip59
\UL@hook=\toks45
\UL@height=\dimen282
\UL@pe=\count355
\UL@pixel=\dimen283
\ULC@box=\box87
Package: ulem 2019/11/18
\ULdepth=\dimen284
)
(C:\Users\alexn\AppData\Local\Programs\MiKTeX\tex/latex/pgfgantt\pgfgantt.sty
Package: pgfgantt 2024/06/19 v5.0a Draw Gantt diagrams with TikZ

(C:\Users\alexn\AppData\Local\Programs\MiKTeX\tex/generic/pgf/frontendlayer/tik
z/libraries\tikzlibraryarrows.code.tex
File: tikzlibraryarrows.code.tex 2023-01-15 v3.1.10 (3.1.10)

(C:\Users\alexn\AppData\Local\Programs\MiKTeX\tex/generic/pgf/libraries\pgflibr
aryarrows.code.tex
File: pgflibraryarrows.code.tex 2023-01-15 v3.1.10 (3.1.10)
\arrowsize=\dimen285
))
(C:\Users\alexn\AppData\Local\Programs\MiKTeX\tex/generic/pgf/frontendlayer/tik
z/libraries\tikzlibrarybackgrounds.code.tex
File: tikzlibrarybackgrounds.code.tex 2023-01-15 v3.1.10 (3.1.10)
\pgf@layerbox@background=\box88
\pgf@layerboxsaved@background=\box89
)
(C:\Users\alexn\AppData\Local\Programs\MiKTeX\tex/generic/pgf/frontendlayer/tik
z/libraries\tikzlibrarycalc.code.tex
File: tikzlibrarycalc.code.tex 2023-01-15 v3.1.10 (3.1.10)
)
(C:\Users\alexn\AppData\Local\Programs\MiKTeX\tex/generic/pgf/frontendlayer/tik
z/libraries\tikzlibrarypatterns.code.tex
File: tikzlibrarypatterns.code.tex 2023-01-15 v3.1.10 (3.1.10)

(C:\Users\alexn\AppData\Local\Programs\MiKTeX\tex/generic/pgf/libraries\pgflibr
arypatterns.code.tex
File: pgflibrarypatterns.code.tex 2023-01-15 v3.1.10 (3.1.10)
))
(C:\Users\alexn\AppData\Local\Programs\MiKTeX\tex/generic/pgf/frontendlayer/tik
z/libraries\tikzlibrarypositioning.code.tex
File: tikzlibrarypositioning.code.tex 2023-01-15 v3.1.10 (3.1.10)
)
(C:\Users\alexn\AppData\Local\Programs\MiKTeX\tex/generic/pgf/frontendlayer/tik
z/libraries\tikzlibraryshapes.geometric.code.tex
File: tikzlibraryshapes.geometric.code.tex 2023-01-15 v3.1.10 (3.1.10)

(C:\Users\alexn\AppData\Local\Programs\MiKTeX\tex/generic/pgf/libraries/shapes\
pgflibraryshapes.geometric.code.tex
File: pgflibraryshapes.geometric.code.tex 2023-01-15 v3.1.10 (3.1.10)
))
(C:\Users\alexn\AppData\Local\Programs\MiKTeX\tex/latex/pgf/utilities\pgfcalend
ar.sty
(C:\Users\alexn\AppData\Local\Programs\MiKTeX\tex/generic/pgf/utilities\pgfcale
ndar.code.tex
File: pgfcalendar.code.tex 2023-01-15 v3.1.10 (3.1.10)
\pgfcalendarcurrentjulian=\count356
\pgf@cal@easter@Y=\count357
\pgf@cal@easter@G=\count358
\pgf@cal@easter@C=\count359
\pgf@cal@easter@X=\count360
\pgf@cal@easter@Z=\count361
\pgf@cal@easter@D=\count362
\pgf@cal@easter@E=\count363
\pgf@cal@easter@N=\count364
\pgf@cal@easter@M=\count365
\pgf@cal@easter@julianday=\count366
))
\gtt@currentline=\count367
\gtt@lasttitleline=\count368
\gtt@currgrid=\count369
\gtt@chartwidth=\count370
\gtt@lasttitleslot=\count371
\gtt@elementid=\count372
\gtt@today@slot=\count373
\gtt@startjulian=\count374
\gtt@endjulian=\count375
\gtt@chartid=\count376
\gtt@vrule@slot=\count377
\gtt@calendar@slots=\count378
\gtt@calendar@weeknumber=\count379
\gtt@calendar@startofweek=\count380
\gtt@left@slot=\count381
\gtt@right@slot=\count382
)
(C:\Users\alexn\AppData\Local\Programs\MiKTeX\tex/latex/geometry\geometry.sty
Package: geometry 2020/01/02 v5.9 Page Geometry

(C:\Users\alexn\AppData\Local\Programs\MiKTeX\tex/generic/iftex\ifvtex.sty
Package: ifvtex 2019/10/25 v1.7 ifvtex legacy package. Use iftex instead.
)
\Gm@cnth=\count383
\Gm@cntv=\count384
\c@Gm@tempcnt=\count385
\Gm@bindingoffset=\dimen286
\Gm@wd@mp=\dimen287
\Gm@odd@mp=\dimen288
\Gm@even@mp=\dimen289
\Gm@layoutwidth=\dimen290
\Gm@layoutheight=\dimen291
\Gm@layouthoffset=\dimen292
\Gm@layoutvoffset=\dimen293
\Gm@dimlist=\toks46

(C:\Users\alexn\AppData\Local\Programs\MiKTeX\tex/latex/geometry\geometry.cfg))

(C:\Users\alexn\AppData\Local\Programs\MiKTeX\tex/latex/l3backend\l3backend-pdf
tex.def
File: l3backend-pdftex.def 2024-01-04 L3 backend support: PDF output (pdfTeX)
\l__color_backend_stack_int=\count386
\l__pdf_internal_box=\box90
) (finalReport.aux)
\openout1 = `finalReport.aux'.

LaTeX Font Info:    Checking defaults for OML/cmm/m/it on input line 51.
LaTeX Font Info:    ... okay on input line 51.
LaTeX Font Info:    Checking defaults for OMS/cmsy/m/n on input line 51.
LaTeX Font Info:    ... okay on input line 51.
LaTeX Font Info:    Checking defaults for OT1/cmr/m/n on input line 51.
LaTeX Font Info:    ... okay on input line 51.
LaTeX Font Info:    Checking defaults for T1/cmr/m/n on input line 51.
LaTeX Font Info:    ... okay on input line 51.
LaTeX Font Info:    Checking defaults for TS1/cmr/m/n on input line 51.
LaTeX Font Info:    ... okay on input line 51.
LaTeX Font Info:    Checking defaults for OMX/cmex/m/n on input line 51.
LaTeX Font Info:    ... okay on input line 51.
LaTeX Font Info:    Checking defaults for U/cmr/m/n on input line 51.
LaTeX Font Info:    ... okay on input line 51.
LaTeX Font Info:    Checking defaults for PD1/pdf/m/n on input line 51.
LaTeX Font Info:    ... okay on input line 51.
LaTeX Font Info:    Checking defaults for PU/pdf/m/n on input line 51.
LaTeX Font Info:    ... okay on input line 51.

(C:\Users\alexn\AppData\Local\Programs\MiKTeX\tex/context/base/mkii\supp-pdf.mk
ii
[Loading MPS to PDF converter (version 2006.09.02).]
\scratchcounter=\count387
\scratchdimen=\dimen294
\scratchbox=\box91
\nofMPsegments=\count388
\nofMParguments=\count389
\everyMPshowfont=\toks47
\MPscratchCnt=\count390
\MPscratchDim=\dimen295
\MPnumerator=\count391
\makeMPintoPDFobject=\count392
\everyMPtoPDFconversion=\toks48
)
(C:\Users\alexn\AppData\Local\Programs\MiKTeX\tex/latex/epstopdf-pkg\epstopdf-b
ase.sty
Package: epstopdf-base 2020-01-24 v2.11 Base part for package epstopdf
Package epstopdf-base Info: Redefining graphics rule for `.eps' on input line 4
85.

(C:\Users\alexn\AppData\Local\Programs\MiKTeX\tex/latex/00miktex\epstopdf-sys.c
fg
File: epstopdf-sys.cfg 2021/03/18 v2.0 Configuration of epstopdf for MiKTeX
))
(C:\Users\alexn\AppData\Local\Programs\MiKTeX\tex/latex/pdflscape\pdflscape.sty
Package: pdflscape 2022-10-27 v0.13 Display of landscape pages in PDF

(C:\Users\alexn\AppData\Local\Programs\MiKTeX\tex/latex/pdflscape\pdflscape-nom
etadata.sty
Package: pdflscape-nometadata 2022-10-28 v0.13 Display of landscape pages in PD
F (HO)

(C:\Users\alexn\AppData\Local\Programs\MiKTeX\tex/latex/graphics\lscape.sty
Package: lscape 2020/05/28 v3.02 Landscape Pages (DPC)
)
Package pdflscape Info: Auto-detected driver: pdftex on input line 81.
))
\c@lstlisting=\count393

(C:\Users\alexn\AppData\Local\Programs\MiKTeX\tex/latex/base\inputenc.sty
Package: inputenc 2021/02/14 v1.3d Input encoding file
\inpenc@prehook=\toks49
\inpenc@posthook=\toks50
)
Package hyperref Info: Link coloring OFF on input line 51.

(finalReport.out) (finalReport.out)
\@outlinefile=\write6
\openout6 = `finalReport.out'.


*geometry* driver: auto-detecting
*geometry* detected driver: pdftex
*geometry* verbose mode - [ preamble ] result:
* driver: pdftex
* paper: <default>
* layout: <same size as paper>
* layoutoffset:(h,v)=(0.0pt,0.0pt)
* modes: 
* h-part:(L,W,R)=(85.35826pt, 443.57848pt, 85.35826pt)
* v-part:(T,H,B)=(95.39737pt, 556.47656pt, 143.09605pt)
* \paperwidth=614.295pt
* \paperheight=794.96999pt
* \textwidth=443.57848pt
* \textheight=556.47656pt
* \oddsidemargin=13.08827pt
* \evensidemargin=13.08827pt
* \topmargin=-13.87262pt
* \headheight=12.0pt
* \headsep=25.0pt
* \topskip=10.0pt
* \footskip=30.0pt
* \marginparwidth=65.0pt
* \marginparsep=11.0pt
* \columnsep=10.0pt
* \skip\footins=9.0pt plus 4.0pt minus 2.0pt
* \hoffset=0.0pt
* \voffset=0.0pt
* \mag=1000
* \@twocolumnfalse
* \@twosidefalse
* \@mparswitchfalse
* \@reversemarginfalse
* (1in=72.27pt=25.4mm, 1cm=28.453pt)

[1

{C:/Users/alexn/AppData/Local/MiKTeX/fonts/map/pdftex/pdftex.map}]
(finalReport.toc
pdfTeX warning (ext4): destination with the same identifier (name{page.1}) has 
been already used, duplicate ignored
<to be read again> 
                   \relax 
l.47 ...esting And User Evaluation}{31}{chapter.7}
                                                  % [1

])
\tf@toc=\write7
\openout7 = `finalReport.toc'.

 [2]
Chapter 1.

Underfull \hbox (badness 10000) in paragraph at lines 70--75

 []

[3

]
Chapter 2.

Underfull \hbox (badness 10000) in paragraph at lines 80--141

 []


Underfull \hbox (badness 10000) in paragraph at lines 80--141

 []


Underfull \hbox (badness 10000) in paragraph at lines 80--141

 []


Underfull \hbox (badness 10000) in paragraph at lines 80--141

 []


Underfull \hbox (badness 10000) in paragraph at lines 80--141

 []


Underfull \hbox (badness 10000) in paragraph at lines 80--141

 []


Underfull \hbox (badness 10000) in paragraph at lines 80--141

 []


Underfull \hbox (badness 10000) in paragraph at lines 80--141

 []


Underfull \hbox (badness 10000) in paragraph at lines 80--141

 []


Underfull \hbox (badness 10000) in paragraph at lines 80--141

 []


Underfull \hbox (badness 10000) in paragraph at lines 80--141

 []


Underfull \hbox (badness 10000) in paragraph at lines 80--141

 []


Underfull \hbox (badness 10000) in paragraph at lines 80--141

 []


Underfull \hbox (badness 10000) in paragraph at lines 80--141

 []


Underfull \hbox (badness 10000) in paragraph at lines 80--141

 []


Underfull \hbox (badness 10000) in paragraph at lines 80--141

 []


Underfull \hbox (badness 10000) in paragraph at lines 80--141

 []


Underfull \hbox (badness 10000) in paragraph at lines 80--141

 []


Underfull \hbox (badness 10000) in paragraph at lines 80--141

 []

[4

]
Underfull \hbox (badness 10000) in paragraph at lines 147--231

 []


Underfull \hbox (badness 10000) in paragraph at lines 147--231

 []


Underfull \hbox (badness 10000) in paragraph at lines 147--231

 []


Underfull \hbox (badness 10000) in paragraph at lines 147--231

 []


Underfull \hbox (badness 10000) in paragraph at lines 147--231

 []


Underfull \hbox (badness 10000) in paragraph at lines 147--231

 []


Underfull \hbox (badness 10000) in paragraph at lines 147--231

 []


Underfull \hbox (badness 10000) in paragraph at lines 147--231

 []


Underfull \hbox (badness 10000) in paragraph at lines 147--231

 []


Underfull \hbox (badness 10000) in paragraph at lines 147--231

 []


Underfull \hbox (badness 10000) in paragraph at lines 147--231

 []


Underfull \hbox (badness 10000) in paragraph at lines 147--231

 []


Underfull \hbox (badness 10000) in paragraph at lines 147--231

 []


Underfull \hbox (badness 10000) in paragraph at lines 147--231

 []


Underfull \hbox (badness 10000) in paragraph at lines 147--231

 []


Underfull \hbox (badness 10000) in paragraph at lines 147--231

 []


Underfull \hbox (badness 10000) in paragraph at lines 147--231

 []


Underfull \hbox (badness 10000) in paragraph at lines 147--231

 []


Underfull \hbox (badness 10000) in paragraph at lines 147--231

 []


Underfull \hbox (badness 10000) in paragraph at lines 147--231

 []


Underfull \hbox (badness 10000) in paragraph at lines 147--231

 []


Underfull \hbox (badness 10000) in paragraph at lines 147--231

 []


Underfull \hbox (badness 10000) in paragraph at lines 147--231

 []


Underfull \hbox (badness 10000) in paragraph at lines 147--231

 []

[5] [6] [7]
Chapter 3.
[8

]
<./Images/stellaris_faction_creation.png, id=329, 1927.2pt x 1084.05pt>
File: ./Images/stellaris_faction_creation.png Graphic file (type png)
<use ./Images/stellaris_faction_creation.png>
Package pdftex.def Info: ./Images/stellaris_faction_creation.png  used on input
 line 258.
(pdftex.def)             Requested size: 443.57848pt x 249.50821pt.
<./Images/stellaris_positive_review.png, id=330, 601.24625pt x 398.48875pt>
File: ./Images/stellaris_positive_review.png Graphic file (type png)
<use ./Images/stellaris_positive_review.png>
Package pdftex.def Info: ./Images/stellaris_positive_review.png  used on input 
line 268.
(pdftex.def)             Requested size: 443.57848pt x 294.00148pt.
 [9 <./Images/stellaris_faction_creation.png>]
Underfull \hbox (badness 10000) in paragraph at lines 274--278

 []

[10 <./Images/stellaris_positive_review.png>]
<./Images/stellaris_main_screen.png, id=346, 1927.2pt x 1084.05pt>
File: ./Images/stellaris_main_screen.png Graphic file (type png)
<use ./Images/stellaris_main_screen.png>
Package pdftex.def Info: ./Images/stellaris_main_screen.png  used on input line
 280.
(pdftex.def)             Requested size: 443.57848pt x 249.50821pt.

Underfull \hbox (badness 10000) in paragraph at lines 286--290

 []

[11 <./Images/stellaris_main_screen.png (PNG copy)>]
<./Images/disco_elysium_thoughts_screen.png, id=360, 1443.89438pt x 812.28468pt
>
File: ./Images/disco_elysium_thoughts_screen.png Graphic file (type png)
<use ./Images/disco_elysium_thoughts_screen.png>
Package pdftex.def Info: ./Images/disco_elysium_thoughts_screen.png  used on in
put line 296.
(pdftex.def)             Requested size: 443.57848pt x 249.53746pt.
 [12 <./Images/disco_elysium_thoughts_screen.png>]
<./Images/celestialbodiesSystemDiagram.jpg, id=369, 682.55pt x 622.325pt>
File: ./Images/celestialbodiesSystemDiagram.jpg Graphic file (type jpg)
<use ./Images/celestialbodiesSystemDiagram.jpg>
Package pdftex.def Info: ./Images/celestialbodiesSystemDiagram.jpg  used on inp
ut line 310.
(pdftex.def)             Requested size: 399.21791pt x 363.99693pt.
 [13 <./Images/celestialbodiesSystemDiagram.jpg>]
[14]
Chapter 4.

Underfull \hbox (badness 10000) in paragraph at lines 327--347

 []


Underfull \hbox (badness 10000) in paragraph at lines 327--347

 []


Underfull \hbox (badness 10000) in paragraph at lines 327--347

 []


Underfull \hbox (badness 10000) in paragraph at lines 327--347

 []


Underfull \hbox (badness 10000) in paragraph at lines 327--347

 []


Underfull \hbox (badness 10000) in paragraph at lines 327--347

 []


Underfull \hbox (badness 10000) in paragraph at lines 327--347

 []


Underfull \hbox (badness 10000) in paragraph at lines 327--347

 []


Underfull \hbox (badness 10000) in paragraph at lines 327--347

 []


Underfull \hbox (badness 10000) in paragraph at lines 327--347

 []


Underfull \hbox (badness 10000) in paragraph at lines 327--347

 []


Underfull \hbox (badness 10000) in paragraph at lines 327--347

 []


Underfull \hbox (badness 10000) in paragraph at lines 327--347

 []


Underfull \hbox (badness 10000) in paragraph at lines 327--347

 []


Underfull \hbox (badness 10000) in paragraph at lines 327--347

 []


Underfull \hbox (badness 10000) in paragraph at lines 327--347

 []


Underfull \hbox (badness 10000) in paragraph at lines 327--347

 []


Underfull \hbox (badness 10000) in paragraph at lines 327--347

 []


Underfull \hbox (badness 10000) in paragraph at lines 327--347

 []

[15

]
Underfull \hbox (badness 10000) in paragraph at lines 350--358

 []


Underfull \hbox (badness 10000) in paragraph at lines 350--358

 []


Underfull \hbox (badness 10000) in paragraph at lines 350--358

 []


Underfull \hbox (badness 10000) in paragraph at lines 350--358

 []


Underfull \hbox (badness 10000) in paragraph at lines 350--358

 []


Underfull \hbox (badness 10000) in paragraph at lines 350--358

 []


Underfull \hbox (badness 10000) in paragraph at lines 350--358

 []

[16]
Chapter 5.

Underfull \hbox (badness 10000) in paragraph at lines 393--397

 []

[17

] [18]
Chapter 6.
[19

] [20] [21] [22] [23] [24] [25]
Underfull \hbox (badness 10000) in paragraph at lines 691--695

 []

[26] [27] [28] [29] [30]
Chapter 7.
[31

]
Chapter 8.
[32

]
Underfull \hbox (badness 10000) in paragraph at lines 836--837
[]\OT1/cmr/m/n/10 Stellaris Com-mu-nity, "Be-gin-ner's guide", "Stel-laris WIki
", 21 Oc-to-ber 2024,
 []


Underfull \hbox (badness 10000) in paragraph at lines 838--839
[]\OT1/cmr/m/n/10 Stellaris Com-mu-nity, "Cri-sis/Endgame cri-sis fac-tion-s/Ex
-tradi-men-sional In-vader-s/-Suc-
 []


Underfull \hbox (badness 3635) in paragraph at lines 838--839
\OT1/cmr/m/n/10 cess-fully re-pelling the Ex-tradi-men-sional In-vaders", "Stel
-laris Wiki", 18 Oc-to-ber 2024,
 []


Underfull \hbox (badness 10000) in paragraph at lines 842--843
[]\OT1/cmr/m/n/10 "Skullcrusher", "Stel-laris Steam Re-view", "Steam", 11 Septe
m-ber 2022,
 []


Underfull \hbox (badness 10000) in paragraph at lines 844--845
[]\OT1/cmr/m/n/10 "A Ran-dom Fish", "Stel-laris Steam Re-view", "Steam", 18 Oc-
to-ber 2019,
 []


Underfull \hbox (badness 4531) in paragraph at lines 846--847
[]\OT1/cmr/m/n/10 "MonitorBreak", "Li-cense", "Github", 14 Novem-ber 2022, []ht
tps://github.com/Monitor-
 []


Underfull \hbox (badness 10000) in paragraph at lines 854--855
[]\OT1/cmr/m/n/10 "British Com-puter So-ci-ety", "Code of Con-duct", "BCS Web-s
ite",
 []

[33

] [34


]
Appendix A.
[35

] [36]
Appendix B.


pdfTeX warning: pdflatex.exe (file ./AlexanderNolesEthicalComplianceForm.pdf): 
PDF inclusion: found PDF version <1.7>, but at most version <1.5> allowed
<AlexanderNolesEthicalComplianceForm.pdf, id=573, 614.295pt x 794.97pt>
File: AlexanderNolesEthicalComplianceForm.pdf Graphic file (type pdf)
<use AlexanderNolesEthicalComplianceForm.pdf>
Package pdftex.def Info: AlexanderNolesEthicalComplianceForm.pdf  used on input
 line 959.
(pdftex.def)             Requested size: 614.29349pt x 794.96806pt.


pdfTeX warning: pdflatex.exe (file ./AlexanderNolesEthicalComplianceForm.pdf): 
PDF inclusion: found PDF version <1.7>, but at most version <1.5> allowed
File: AlexanderNolesEthicalComplianceForm.pdf Graphic file (type pdf)
<use AlexanderNolesEthicalComplianceForm.pdf>
Package pdftex.def Info: AlexanderNolesEthicalComplianceForm.pdf  used on input
 line 959.
(pdftex.def)             Requested size: 614.29349pt x 794.96806pt.


pdfTeX warning: pdflatex.exe (file ./AlexanderNolesEthicalComplianceForm.pdf): 
PDF inclusion: found PDF version <1.7>, but at most version <1.5> allowed


pdfTeX warning: pdflatex.exe (file ./AlexanderNolesEthicalComplianceForm.pdf): 
PDF inclusion: found PDF version <1.7>, but at most version <1.5> allowed
<AlexanderNolesEthicalComplianceForm.pdf, id=576, page=1, 614.295pt x 794.97pt>

File: AlexanderNolesEthicalComplianceForm.pdf Graphic file (type pdf)
<use AlexanderNolesEthicalComplianceForm.pdf, page 1>
Package pdftex.def Info: AlexanderNolesEthicalComplianceForm.pdf , page1 used o
n input line 959.
(pdftex.def)             Requested size: 614.29349pt x 794.96806pt.
File: AlexanderNolesEthicalComplianceForm.pdf Graphic file (type pdf)
<use AlexanderNolesEthicalComplianceForm.pdf, page 1>
Package pdftex.def Info: AlexanderNolesEthicalComplianceForm.pdf , page1 used o
n input line 959.
(pdftex.def)             Requested size: 614.58406pt x 795.3441pt.
[37

]
File: AlexanderNolesEthicalComplianceForm.pdf Graphic file (type pdf)
<use AlexanderNolesEthicalComplianceForm.pdf, page 1>
Package pdftex.def Info: AlexanderNolesEthicalComplianceForm.pdf , page1 used o
n input line 959.
(pdftex.def)             Requested size: 614.58406pt x 795.3441pt.
File: AlexanderNolesEthicalComplianceForm.pdf Graphic file (type pdf)
<use AlexanderNolesEthicalComplianceForm.pdf, page 1>
Package pdftex.def Info: AlexanderNolesEthicalComplianceForm.pdf , page1 used o
n input line 959.
(pdftex.def)             Requested size: 614.58406pt x 795.3441pt.
File: AlexanderNolesEthicalComplianceForm.pdf Graphic file (type pdf)
<use AlexanderNolesEthicalComplianceForm.pdf, page 1>
Package pdftex.def Info: AlexanderNolesEthicalComplianceForm.pdf , page1 used o
n input line 959.
(pdftex.def)             Requested size: 614.58406pt x 795.3441pt.
 [38

 <./AlexanderNolesEthicalComplianceForm.pdf>]

pdfTeX warning: pdflatex.exe (file ./AlexanderNolesEthicalComplianceForm.pdf): 
PDF inclusion: found PDF version <1.7>, but at most version <1.5> allowed
<AlexanderNolesEthicalComplianceForm.pdf, id=646, page=2, 614.295pt x 794.97pt>

File: AlexanderNolesEthicalComplianceForm.pdf Graphic file (type pdf)
<use AlexanderNolesEthicalComplianceForm.pdf, page 2>
Package pdftex.def Info: AlexanderNolesEthicalComplianceForm.pdf , page2 used o
n input line 959.
(pdftex.def)             Requested size: 614.58406pt x 795.3441pt.
File: AlexanderNolesEthicalComplianceForm.pdf Graphic file (type pdf)
<use AlexanderNolesEthicalComplianceForm.pdf, page 2>
Package pdftex.def Info: AlexanderNolesEthicalComplianceForm.pdf , page2 used o
n input line 959.
(pdftex.def)             Requested size: 614.58406pt x 795.3441pt.
File: AlexanderNolesEthicalComplianceForm.pdf Graphic file (type pdf)
<use AlexanderNolesEthicalComplianceForm.pdf, page 2>
Package pdftex.def Info: AlexanderNolesEthicalComplianceForm.pdf , page2 used o
n input line 959.
(pdftex.def)             Requested size: 614.58406pt x 795.3441pt.
[39

 <./AlexanderNolesEthicalComplianceForm.pdf>]

pdfTeX warning: pdflatex.exe (file ./AlexanderNolesEthicalComplianceForm.pdf): 
PDF inclusion: found PDF version <1.7>, but at most version <1.5> allowed
<AlexanderNolesEthicalComplianceForm.pdf, id=660, page=3, 614.295pt x 794.97pt>

File: AlexanderNolesEthicalComplianceForm.pdf Graphic file (type pdf)
<use AlexanderNolesEthicalComplianceForm.pdf, page 3>
Package pdftex.def Info: AlexanderNolesEthicalComplianceForm.pdf , page3 used o
n input line 959.
(pdftex.def)             Requested size: 614.58406pt x 795.3441pt.
File: AlexanderNolesEthicalComplianceForm.pdf Graphic file (type pdf)
<use AlexanderNolesEthicalComplianceForm.pdf, page 3>
Package pdftex.def Info: AlexanderNolesEthicalComplianceForm.pdf , page3 used o
n input line 959.
(pdftex.def)             Requested size: 614.58406pt x 795.3441pt.
File: AlexanderNolesEthicalComplianceForm.pdf Graphic file (type pdf)
<use AlexanderNolesEthicalComplianceForm.pdf, page 3>
Package pdftex.def Info: AlexanderNolesEthicalComplianceForm.pdf , page3 used o
n input line 959.
(pdftex.def)             Requested size: 614.58406pt x 795.3441pt.
[40

 <./AlexanderNolesEthicalComplianceForm.pdf>]

pdfTeX warning: pdflatex.exe (file ./AlexanderNolesEthicalComplianceForm.pdf): 
PDF inclusion: found PDF version <1.7>, but at most version <1.5> allowed
<AlexanderNolesEthicalComplianceForm.pdf, id=680, page=4, 614.295pt x 794.97pt>

File: AlexanderNolesEthicalComplianceForm.pdf Graphic file (type pdf)
<use AlexanderNolesEthicalComplianceForm.pdf, page 4>
Package pdftex.def Info: AlexanderNolesEthicalComplianceForm.pdf , page4 used o
n input line 959.
(pdftex.def)             Requested size: 614.58406pt x 795.3441pt.
File: AlexanderNolesEthicalComplianceForm.pdf Graphic file (type pdf)
<use AlexanderNolesEthicalComplianceForm.pdf, page 4>
Package pdftex.def Info: AlexanderNolesEthicalComplianceForm.pdf , page4 used o
n input line 959.
(pdftex.def)             Requested size: 614.58406pt x 795.3441pt.
File: AlexanderNolesEthicalComplianceForm.pdf Graphic file (type pdf)
<use AlexanderNolesEthicalComplianceForm.pdf, page 4>
Package pdftex.def Info: AlexanderNolesEthicalComplianceForm.pdf , page4 used o
n input line 959.
(pdftex.def)             Requested size: 614.58406pt x 795.3441pt.
[41

 <./AlexanderNolesEthicalComplianceForm.pdf>]

pdfTeX warning: pdflatex.exe (file ./AlexanderNolesEthicalComplianceForm.pdf): 
PDF inclusion: found PDF version <1.7>, but at most version <1.5> allowed
<AlexanderNolesEthicalComplianceForm.pdf, id=713, page=5, 614.295pt x 794.97pt>

File: AlexanderNolesEthicalComplianceForm.pdf Graphic file (type pdf)
<use AlexanderNolesEthicalComplianceForm.pdf, page 5>
Package pdftex.def Info: AlexanderNolesEthicalComplianceForm.pdf , page5 used o
n input line 959.
(pdftex.def)             Requested size: 614.58406pt x 795.3441pt.
File: AlexanderNolesEthicalComplianceForm.pdf Graphic file (type pdf)
<use AlexanderNolesEthicalComplianceForm.pdf, page 5>
Package pdftex.def Info: AlexanderNolesEthicalComplianceForm.pdf , page5 used o
n input line 959.
(pdftex.def)             Requested size: 614.58406pt x 795.3441pt.
File: AlexanderNolesEthicalComplianceForm.pdf Graphic file (type pdf)
<use AlexanderNolesEthicalComplianceForm.pdf, page 5>
Package pdftex.def Info: AlexanderNolesEthicalComplianceForm.pdf , page5 used o
n input line 959.
(pdftex.def)             Requested size: 614.58406pt x 795.3441pt.
[42

 <./AlexanderNolesEthicalComplianceForm.pdf>] (finalReport.aux)
 ***********
LaTeX2e <2023-11-01> patch level 1
L3 programming layer <2024-01-04>
 ***********
Package rerunfilecheck Info: File `finalReport.out' has not changed.
(rerunfilecheck)             Checksum: B27360C72AE9FEFAC7F87ACD9561632B;6870.
 ) 
Here is how much of TeX's memory you used:
 30940 strings out of 474486
 638762 string characters out of 5743755
 1943542 words of memory out of 5000000
 52521 multiletter control sequences out of 15000+600000
 566780 words of font info for 67 fonts, out of 8000000 for 9000
 1141 hyphenation exceptions out of 8191
 93i,17n,99p,1087b,645s stack positions out of 10000i,1000n,20000p,200000b,200000s
<C:/Users/alexn/AppData/Local/Programs/MiKTeX/fonts/type1/public/amsfonts/cm/
cmbx10.pfb><C:/Users/alexn/AppData/Local/Programs/MiKTeX/fonts/type1/public/ams
fonts/cm/cmbx12.pfb><C:/Users/alexn/AppData/Local/Programs/MiKTeX/fonts/type1/p
ublic/amsfonts/cm/cmbx7.pfb><C:/Users/alexn/AppData/Local/Programs/MiKTeX/fonts
/type1/public/amsfonts/cm/cmmi10.pfb><C:/Users/alexn/AppData/Local/Programs/MiK
TeX/fonts/type1/public/amsfonts/cm/cmr10.pfb><C:/Users/alexn/AppData/Local/Prog
rams/MiKTeX/fonts/type1/public/amsfonts/cm/cmr12.pfb><C:/Users/alexn/AppData/Lo
cal/Programs/MiKTeX/fonts/type1/public/amsfonts/cm/cmr17.pfb><C:/Users/alexn/Ap
pData/Local/Programs/MiKTeX/fonts/type1/public/amsfonts/cm/cmsy10.pfb><C:/Users
/alexn/AppData/Local/Programs/MiKTeX/fonts/type1/public/amsfonts/cm/cmti10.pfb>
<C:/Users/alexn/AppData/Local/Programs/MiKTeX/fonts/type1/public/amsfonts/cm/cm
ti12.pfb><C:/Users/alexn/AppData/Local/Programs/MiKTeX/fonts/type1/public/amsfo
nts/cm/cmtt10.pfb>
Output written on finalReport.pdf (43 pages, 8633805 bytes).
PDF statistics:
 810 PDF objects out of 1000 (max. 8388607)
 195 named destinations out of 1000 (max. 500000)
 582 words of extra memory for PDF output out of 10000 (max. 10000000)

